{"/home/dante/Documents/Programming/nodejs/ones/ones.js":{"path":"/home/dante/Documents/Programming/nodejs/ones/ones.js","s":{"1":1,"2":4,"3":4,"4":6,"5":4},"b":{},"f":{"1":4},"fnMap":{"1":{"name":"(anonymous_1)","line":3,"loc":{"start":{"line":3,"column":17},"end":{"line":3,"column":33}}}},"statementMap":{"1":{"start":{"line":3,"column":0},"end":{"line":9,"column":2}},"2":{"start":{"line":4,"column":4},"end":{"line":4,"column":17}},"3":{"start":{"line":5,"column":4},"end":{"line":7,"column":5}},"4":{"start":{"line":6,"column":8},"end":{"line":6,"column":20}},"5":{"start":{"line":8,"column":4},"end":{"line":8,"column":15}}},"branchMap":{}}}